<?xml version="1.0" encoding="utf-8"?><testsuites name="pytest tests"><testsuite name="pytest" errors="0" failures="0" skipped="0" tests="13" time="50.091" timestamp="2026-05-20T17:17:48.592605+00:00" hostname="agent-env-842aff38-36f4-4f14-9f87-7ad42c17e811"><testcase classname="backend.tests.test_admin_cookie_auth.TestAdminAuth" name="test_login_success_sets_httponly_cookie" time="2.819" /><testcase classname="backend.tests.test_admin_cookie_auth.TestAdminAuth" name="test_login_wrong_password" time="2.792" /><testcase classname="backend.tests.test_admin_cookie_auth.TestAdminAuth" name="test_login_unknown_email" time="2.157" /><testcase classname="backend.tests.test_admin_cookie_auth.TestAdminAuth" name="test_me_requires_auth" time="0.074" /><testcase classname="backend.tests.test_admin_cookie_auth.TestAdminAuth" name="test_me_with_cookie" time="2.356" /><testcase classname="backend.tests.test_admin_cookie_auth.TestAdminAuth" name="test_logout_clears_cookie_and_blocks_further_access" time="2.453" /><testcase classname="backend.tests.test_admin_cookie_auth.TestAdminAuth" name="test_blogs_endpoint_requires_auth" time="0.175" /><testcase classname="backend.tests.test_admin_cookie_auth.TestAdminAuth" name="test_case_studies_endpoint_requires_auth" time="0.107" /><testcase classname="backend.tests.test_admin_cookie_auth.TestBlogCrudWithCookie" name="test_list_blogs" time="4.470" /><testcase classname="backend.tests.test_admin_cookie_auth.TestBlogCrudWithCookie" name="test_blog_create_update_delete_persists" time="13.735" /><testcase classname="backend.tests.test_admin_cookie_auth.TestCaseStudyCrudWithCookie" name="test_list_case_studies" time="4.499" /><testcase classname="backend.tests.test_admin_cookie_auth.TestCaseStudyCrudWithCookie" name="test_case_study_create_update_delete" time="11.546" /><testcase classname="backend.tests.test_admin_cookie_auth.TestPublicSurfaces" name="test_contact_post" time="2.841" /></testsuite></testsuites>